wiki_bot - 25-08-24 | 15:55:43 - INFO - Reading the Country options...
wiki_bot - 25-08-24 | 15:55:43 - INFO - Reading the separators...
wiki_bot - 25-08-24 | 15:55:44 - INFO - Connection was established succesfully to the url: https://en.wikipedia.org/wiki/List_of_countries_and_dependencies_by_area
wiki_bot - 25-08-24 | 15:55:44 - INFO - Skipping the country /wiki/Earth for bad format
wiki_bot - 25-08-24 | 15:55:45 - INFO - Connection was established succesfully to the url: https://en.wikipedia.org//wiki/Russia
wiki_bot - 25-08-24 | 15:55:46 - INFO - Normalizing the information...
wiki_bot - 25-08-24 | 15:55:46 - INFO - Fetching the country in the database...
wiki_bot - 25-08-24 | 15:55:46 - INFO - Country fetched succesfully!
wiki_bot - 25-08-24 | 15:55:46 - INFO - Connection was established succesfully to the url: https://en.wikipedia.org//wiki/Antarctica
wiki_bot - 25-08-24 | 15:55:47 - WARNING - Link not lead to a country. It does not have a capital
wiki_bot - 25-08-24 | 15:55:47 - INFO - Connection was established succesfully to the url: https://en.wikipedia.org//wiki/Canada
wiki_bot - 25-08-24 | 15:55:48 - INFO - Normalizing the information...
wiki_bot - 25-08-24 | 15:55:48 - INFO - Fetching the country in the database...
wiki_bot - 25-08-24 | 15:55:48 - INFO - Country fetched succesfully!
wiki_bot - 25-08-24 | 15:55:49 - INFO - Connection was established succesfully to the url: https://en.wikipedia.org//wiki/China
wiki_bot - 25-08-24 | 15:55:50 - INFO - Normalizing the information...
wiki_bot - 25-08-24 | 15:55:50 - INFO - Fetching the country in the database...
wiki_bot - 25-08-24 | 15:55:50 - INFO - Country fetched succesfully!
wiki_bot - 25-08-24 | 15:55:50 - INFO - Connection was established succesfully to the url: https://en.wikipedia.org//wiki/United_States
wiki_bot - 25-08-24 | 15:55:51 - INFO - Normalizing the information...
wiki_bot - 25-08-24 | 15:55:51 - INFO - Fetching the country in the database...
wiki_bot - 25-08-24 | 15:55:51 - INFO - Country fetched succesfully!
wiki_bot - 25-08-24 | 15:55:52 - INFO - Connection was established succesfully to the url: https://en.wikipedia.org//wiki/Brazil
wiki_bot - 25-08-24 | 15:55:53 - INFO - Normalizing the information...
wiki_bot - 25-08-24 | 15:55:53 - INFO - Fetching the country in the database...
wiki_bot - 25-08-24 | 15:55:53 - INFO - Country fetched succesfully!
wiki_bot - 25-08-24 | 15:55:53 - INFO - Connection was established succesfully to the url: https://en.wikipedia.org//wiki/Australia
wiki_bot - 25-08-24 | 15:55:54 - INFO - Normalizing the information...
wiki_bot - 25-08-24 | 15:55:54 - INFO - Fetching the country in the database...
wiki_bot - 25-08-24 | 15:55:54 - INFO - Country fetched succesfully!
wiki_bot - 25-08-24 | 15:55:54 - INFO - Connection was established succesfully to the url: https://en.wikipedia.org//wiki/India
wiki_bot - 25-08-24 | 15:55:55 - INFO - Normalizing the information...
wiki_bot - 25-08-24 | 15:55:55 - INFO - Fetching the country in the database...
wiki_bot - 25-08-24 | 15:55:55 - INFO - Country fetched succesfully!
wiki_bot - 25-08-24 | 15:55:56 - INFO - Connection was established succesfully to the url: https://en.wikipedia.org//wiki/Argentina
wiki_bot - 25-08-24 | 15:55:57 - INFO - Normalizing the information...
wiki_bot - 25-08-24 | 15:55:57 - INFO - Fetching the country in the database...
wiki_bot - 25-08-24 | 15:55:57 - INFO - Country fetched succesfully!
wiki_bot - 25-08-24 | 15:55:57 - INFO - Connection was established succesfully to the url: https://en.wikipedia.org//wiki/Kazakhstan
wiki_bot - 25-08-24 | 15:55:58 - INFO - Normalizing the information...
wiki_bot - 25-08-24 | 15:55:58 - INFO - Fetching the country in the database...
wiki_bot - 25-08-24 | 15:55:58 - INFO - Country fetched succesfully!
wiki_bot - 25-08-24 | 15:55:58 - INFO - Connection was established succesfully to the url: https://en.wikipedia.org//wiki/Algeria
wiki_bot - 25-08-24 | 15:55:59 - INFO - Normalizing the information...
wiki_bot - 25-08-24 | 15:55:59 - INFO - Fetching the country in the database...
wiki_bot - 25-08-24 | 15:55:59 - INFO - Country fetched succesfully!
wiki_bot - 25-08-24 | 15:56:00 - INFO - Connection was established succesfully to the url: https://en.wikipedia.org//wiki/Democratic_Republic_of_the_Congo
wiki_bot - 25-08-24 | 15:56:00 - INFO - Normalizing the information...
wiki_bot - 25-08-24 | 15:56:00 - INFO - Fetching the country in the database...
wiki_bot - 25-08-24 | 15:56:00 - INFO - Country fetched succesfully!
wiki_bot - 25-08-24 | 15:56:01 - INFO - Connection was established succesfully to the url: https://en.wikipedia.org//wiki/Danish_Realm
wiki_bot - 25-08-24 | 15:56:01 - INFO - Normalizing the information...
wiki_bot - 25-08-24 | 15:56:01 - INFO - Fetching the country in the database...
wiki_bot - 25-08-24 | 15:56:01 - INFO - Country fetched succesfully!
wiki_bot - 25-08-24 | 15:56:01 - INFO - Connection was established succesfully to the url: https://en.wikipedia.org//wiki/Greenland
wiki_bot - 25-08-24 | 15:56:02 - INFO - Normalizing the information...
wiki_bot - 25-08-24 | 15:56:02 - INFO - Fetching the country in the database...
wiki_bot - 25-08-24 | 15:56:02 - INFO - Country fetched succesfully!
wiki_bot - 25-08-24 | 15:56:02 - INFO - Connection was established succesfully to the url: https://en.wikipedia.org//wiki/Denmark
wiki_bot - 25-08-24 | 15:56:03 - INFO - Normalizing the information...
wiki_bot - 25-08-24 | 15:56:03 - INFO - Fetching the country in the database...
wiki_bot - 25-08-24 | 15:56:03 - INFO - Country fetched succesfully!
wiki_bot - 25-08-24 | 15:56:03 - INFO - Connection was established succesfully to the url: https://en.wikipedia.org//wiki/Saudi_Arabia
wiki_bot - 25-08-24 | 15:56:04 - INFO - Normalizing the information...
wiki_bot - 25-08-24 | 15:56:04 - INFO - Fetching the country in the database...
wiki_bot - 25-08-24 | 15:56:04 - INFO - Country fetched succesfully!
wiki_bot - 25-08-24 | 15:56:05 - INFO - Connection was established succesfully to the url: https://en.wikipedia.org//wiki/Mexico
wiki_bot - 25-08-24 | 15:56:05 - INFO - Normalizing the information...
wiki_bot - 25-08-24 | 15:56:05 - INFO - Fetching the country in the database...
wiki_bot - 25-08-24 | 15:56:05 - INFO - Country fetched succesfully!
wiki_bot - 25-08-24 | 15:56:06 - INFO - Connection was established succesfully to the url: https://en.wikipedia.org//wiki/Indonesia
wiki_bot - 25-08-24 | 15:56:07 - INFO - Normalizing the information...
wiki_bot - 25-08-24 | 15:56:07 - INFO - Fetching the country in the database...
wiki_bot - 25-08-24 | 15:56:07 - INFO - Country fetched succesfully!
wiki_bot - 25-08-24 | 15:56:07 - INFO - Connection was established succesfully to the url: https://en.wikipedia.org//wiki/Sudan
wiki_bot - 25-08-24 | 15:56:08 - INFO - Normalizing the information...
wiki_bot - 25-08-24 | 15:56:08 - INFO - Fetching the country in the database...
wiki_bot - 25-08-24 | 15:56:08 - INFO - Country fetched succesfully!
wiki_bot - 25-08-24 | 15:56:08 - INFO - Connection was established succesfully to the url: https://en.wikipedia.org//wiki/Libya
wiki_bot - 25-08-24 | 15:56:09 - INFO - Normalizing the information...
wiki_bot - 25-08-24 | 15:56:09 - INFO - Fetching the country in the database...
wiki_bot - 25-08-24 | 15:56:09 - INFO - Country fetched succesfully!
wiki_bot - 25-08-24 | 15:56:09 - INFO - Connection was established succesfully to the url: https://en.wikipedia.org//wiki/Iran
wiki_bot - 25-08-24 | 15:56:10 - INFO - Normalizing the information...
wiki_bot - 25-08-24 | 15:56:10 - INFO - Fetching the country in the database...
wiki_bot - 25-08-24 | 15:56:10 - INFO - Country fetched succesfully!
wiki_bot - 25-08-24 | 15:56:11 - INFO - Connection was established succesfully to the url: https://en.wikipedia.org//wiki/Mongolia
wiki_bot - 25-08-24 | 15:56:11 - INFO - Normalizing the information...
wiki_bot - 25-08-24 | 15:56:11 - INFO - Fetching the country in the database...
wiki_bot - 25-08-24 | 15:56:11 - INFO - Country fetched succesfully!
wiki_bot - 25-08-24 | 15:56:12 - INFO - Connection was established succesfully to the url: https://en.wikipedia.org//wiki/Peru
wiki_bot - 25-08-24 | 15:56:12 - INFO - Normalizing the information...
wiki_bot - 25-08-24 | 15:56:12 - INFO - Fetching the country in the database...
wiki_bot - 25-08-24 | 15:56:12 - INFO - Country fetched succesfully!
wiki_bot - 25-08-24 | 15:56:13 - INFO - Connection was established succesfully to the url: https://en.wikipedia.org//wiki/Chad
wiki_bot - 25-08-24 | 15:56:13 - INFO - Normalizing the information...
wiki_bot - 25-08-24 | 15:56:13 - INFO - Fetching the country in the database...
wiki_bot - 25-08-24 | 15:56:13 - INFO - Country fetched succesfully!
wiki_bot - 25-08-24 | 15:56:13 - INFO - Connection was established succesfully to the url: https://en.wikipedia.org//wiki/Niger
wiki_bot - 25-08-24 | 15:56:14 - INFO - Normalizing the information...
wiki_bot - 25-08-24 | 15:56:14 - INFO - Fetching the country in the database...
wiki_bot - 25-08-24 | 15:56:14 - INFO - Country fetched succesfully!
wiki_bot - 25-08-24 | 15:56:14 - INFO - Connection was established succesfully to the url: https://en.wikipedia.org//wiki/Angola
wiki_bot - 25-08-24 | 15:56:15 - INFO - Normalizing the information...
wiki_bot - 25-08-24 | 15:56:15 - INFO - Fetching the country in the database...
wiki_bot - 25-08-24 | 15:56:15 - INFO - Country fetched succesfully!
wiki_bot - 25-08-24 | 15:56:15 - INFO - Connection was established succesfully to the url: https://en.wikipedia.org//wiki/Mali
wiki_bot - 25-08-24 | 15:56:16 - INFO - Normalizing the information...
wiki_bot - 25-08-24 | 15:56:16 - INFO - Fetching the country in the database...
wiki_bot - 25-08-24 | 15:56:16 - INFO - Country fetched succesfully!
wiki_bot - 25-08-24 | 15:56:16 - INFO - Connection was established succesfully to the url: https://en.wikipedia.org//wiki/South_Africa
wiki_bot - 25-08-24 | 15:56:17 - INFO - Normalizing the information...
wiki_bot - 25-08-24 | 15:56:17 - INFO - Fetching the country in the database...
wiki_bot - 25-08-24 | 15:56:17 - INFO - Country fetched succesfully!
wiki_bot - 25-08-24 | 15:56:18 - INFO - Connection was established succesfully to the url: https://en.wikipedia.org//wiki/Colombia
wiki_bot - 25-08-24 | 15:56:19 - INFO - Normalizing the information...
wiki_bot - 25-08-24 | 15:56:19 - INFO - Fetching the country in the database...
wiki_bot - 25-08-24 | 15:56:19 - INFO - Country fetched succesfully!
wiki_bot - 25-08-24 | 15:56:19 - INFO - Connection was established succesfully to the url: https://en.wikipedia.org//wiki/Ethiopia
wiki_bot - 25-08-24 | 15:56:20 - INFO - Normalizing the information...
wiki_bot - 25-08-24 | 15:56:20 - INFO - Fetching the country in the database...
wiki_bot - 25-08-24 | 15:56:20 - INFO - Country fetched succesfully!
wiki_bot - 25-08-24 | 15:56:21 - INFO - Connection was established succesfully to the url: https://en.wikipedia.org//wiki/Bolivia
wiki_bot - 25-08-24 | 15:56:21 - INFO - Normalizing the information...
wiki_bot - 25-08-24 | 15:56:21 - INFO - Fetching the country in the database...
wiki_bot - 25-08-24 | 15:56:21 - INFO - Country fetched succesfully!
wiki_bot - 25-08-24 | 15:56:22 - INFO - Connection was established succesfully to the url: https://en.wikipedia.org//wiki/Mauritania
wiki_bot - 25-08-24 | 15:56:22 - INFO - Normalizing the information...
wiki_bot - 25-08-24 | 15:56:22 - INFO - Fetching the country in the database...
wiki_bot - 25-08-24 | 15:56:22 - INFO - Country fetched succesfully!
wiki_bot - 25-08-24 | 15:56:23 - INFO - Connection was established succesfully to the url: https://en.wikipedia.org//wiki/Egypt
wiki_bot - 25-08-24 | 15:56:24 - INFO - Normalizing the information...
wiki_bot - 25-08-24 | 15:56:24 - INFO - Fetching the country in the database...
wiki_bot - 25-08-24 | 15:56:24 - INFO - Country fetched succesfully!
wiki_bot - 25-08-24 | 15:56:24 - INFO - Connection was established succesfully to the url: https://en.wikipedia.org//wiki/Tanzania
wiki_bot - 25-08-24 | 15:56:25 - INFO - Normalizing the information...
wiki_bot - 25-08-24 | 15:56:25 - INFO - Fetching the country in the database...
wiki_bot - 25-08-24 | 15:56:25 - INFO - Country fetched succesfully!
wiki_bot - 25-08-24 | 15:56:25 - INFO - Connection was established succesfully to the url: https://en.wikipedia.org//wiki/Nigeria
wiki_bot - 25-08-24 | 15:56:26 - INFO - Normalizing the information...
wiki_bot - 25-08-24 | 15:56:26 - INFO - Fetching the country in the database...
wiki_bot - 25-08-24 | 15:56:26 - INFO - Country fetched succesfully!
wiki_bot - 25-08-24 | 15:56:26 - INFO - Connection was established succesfully to the url: https://en.wikipedia.org//wiki/Venezuela
wiki_bot - 25-08-24 | 15:56:27 - INFO - Normalizing the information...
wiki_bot - 25-08-24 | 15:56:27 - INFO - Fetching the country in the database...
wiki_bot - 25-08-24 | 15:56:27 - INFO - Country fetched succesfully!
wiki_bot - 25-08-24 | 15:56:28 - INFO - Connection was established succesfully to the url: https://en.wikipedia.org//wiki/Pakistan
wiki_bot - 25-08-24 | 15:56:29 - INFO - Normalizing the information...
wiki_bot - 25-08-24 | 15:56:29 - INFO - Fetching the country in the database...
wiki_bot - 25-08-24 | 15:56:29 - INFO - Country fetched succesfully!
wiki_bot - 25-08-24 | 15:56:29 - INFO - Connection was established succesfully to the url: https://en.wikipedia.org//wiki/Namibia
wiki_bot - 25-08-24 | 15:56:30 - INFO - Normalizing the information...
wiki_bot - 25-08-24 | 15:56:30 - INFO - Fetching the country in the database...
wiki_bot - 25-08-24 | 15:56:30 - INFO - Country fetched succesfully!
wiki_bot - 25-08-24 | 15:56:30 - INFO - Connection was established succesfully to the url: https://en.wikipedia.org//wiki/Mozambique
wiki_bot - 25-08-24 | 15:56:31 - INFO - Normalizing the information...
wiki_bot - 25-08-24 | 15:56:31 - INFO - Fetching the country in the database...
wiki_bot - 25-08-24 | 15:56:31 - INFO - Country fetched succesfully!
wiki_bot - 25-08-24 | 15:56:32 - INFO - Connection was established succesfully to the url: https://en.wikipedia.org//wiki/Turkey
wiki_bot - 25-08-24 | 15:56:33 - INFO - Normalizing the information...
wiki_bot - 25-08-24 | 15:56:33 - INFO - Fetching the country in the database...
wiki_bot - 25-08-24 | 15:56:33 - INFO - Country fetched succesfully!
wiki_bot - 25-08-24 | 15:56:33 - INFO - Connection was established succesfully to the url: https://en.wikipedia.org//wiki/Chile
wiki_bot - 25-08-24 | 15:56:34 - INFO - Normalizing the information...
wiki_bot - 25-08-24 | 15:56:34 - INFO - Fetching the country in the database...
wiki_bot - 25-08-24 | 15:56:34 - INFO - Country fetched succesfully!
wiki_bot - 25-08-24 | 15:56:34 - INFO - Connection was established succesfully to the url: https://en.wikipedia.org//wiki/Zambia
wiki_bot - 25-08-24 | 15:56:35 - INFO - Normalizing the information...
wiki_bot - 25-08-24 | 15:56:35 - INFO - Fetching the country in the database...
wiki_bot - 25-08-24 | 15:56:35 - INFO - Country fetched succesfully!
wiki_bot - 25-08-24 | 15:56:35 - INFO - Connection was established succesfully to the url: https://en.wikipedia.org//wiki/Myanmar
wiki_bot - 25-08-24 | 15:56:36 - INFO - Normalizing the information...
wiki_bot - 25-08-24 | 15:56:36 - INFO - Fetching the country in the database...
wiki_bot - 25-08-24 | 15:56:36 - INFO - Country fetched succesfully!
wiki_bot - 25-08-24 | 15:56:37 - INFO - Connection was established succesfully to the url: https://en.wikipedia.org//wiki/Afghanistan
wiki_bot - 25-08-24 | 15:56:38 - INFO - Normalizing the information...
wiki_bot - 25-08-24 | 15:56:38 - INFO - Fetching the country in the database...
wiki_bot - 25-08-24 | 15:56:38 - INFO - Country fetched succesfully!
wiki_bot - 25-08-24 | 15:56:38 - INFO - Connection was established succesfully to the url: https://en.wikipedia.org//wiki/South_Sudan
wiki_bot - 25-08-24 | 15:56:39 - INFO - Normalizing the information...
wiki_bot - 25-08-24 | 15:56:39 - INFO - Fetching the country in the database...
wiki_bot - 25-08-24 | 15:56:39 - INFO - Country fetched succesfully!
wiki_bot - 25-08-24 | 15:56:40 - INFO - Connection was established succesfully to the url: https://en.wikipedia.org//wiki/France
wiki_bot - 25-08-24 | 15:56:40 - INFO - Normalizing the information...
wiki_bot - 25-08-24 | 15:56:40 - INFO - Fetching the country in the database...
wiki_bot - 25-08-24 | 15:56:40 - INFO - Country fetched succesfully!
wiki_bot - 25-08-24 | 15:56:41 - INFO - Connection was established succesfully to the url: https://en.wikipedia.org//wiki/Somalia
wiki_bot - 25-08-24 | 15:56:42 - INFO - Normalizing the information...
wiki_bot - 25-08-24 | 15:56:42 - INFO - Fetching the country in the database...
wiki_bot - 25-08-24 | 15:56:42 - INFO - Country fetched succesfully!
wiki_bot - 25-08-24 | 15:56:42 - INFO - Connection was established succesfully to the url: https://en.wikipedia.org//wiki/Central_African_Republic
wiki_bot - 25-08-24 | 15:56:43 - INFO - Normalizing the information...
wiki_bot - 25-08-24 | 15:56:43 - INFO - Fetching the country in the database...
wiki_bot - 25-08-24 | 15:56:43 - INFO - Country fetched succesfully!
wiki_bot - 25-08-24 | 15:56:43 - INFO - Connection was established succesfully to the url: https://en.wikipedia.org//wiki/Ukraine
wiki_bot - 25-08-24 | 15:56:44 - INFO - Normalizing the information...
wiki_bot - 25-08-24 | 15:56:44 - INFO - Fetching the country in the database...
wiki_bot - 25-08-24 | 15:56:44 - INFO - Country fetched succesfully!
wiki_bot - 25-08-24 | 15:56:44 - INFO - Connection was established succesfully to the url: https://en.wikipedia.org//wiki/Madagascar
wiki_bot - 25-08-24 | 15:56:45 - INFO - Normalizing the information...
wiki_bot - 25-08-24 | 15:56:45 - INFO - Fetching the country in the database...
wiki_bot - 25-08-24 | 15:56:45 - INFO - Country fetched succesfully!
wiki_bot - 25-08-24 | 15:56:45 - INFO - Connection was established succesfully to the url: https://en.wikipedia.org//wiki/Botswana
wiki_bot - 25-08-24 | 15:56:46 - INFO - Normalizing the information...
wiki_bot - 25-08-24 | 15:56:46 - INFO - Fetching the country in the database...
wiki_bot - 25-08-24 | 15:56:46 - INFO - Country fetched succesfully!
wiki_bot - 25-08-24 | 15:56:46 - INFO - Connection was established succesfully to the url: https://en.wikipedia.org//wiki/Kenya
wiki_bot - 25-08-24 | 15:56:47 - INFO - Normalizing the information...
wiki_bot - 25-08-24 | 15:56:47 - INFO - Fetching the country in the database...
wiki_bot - 25-08-24 | 15:56:47 - INFO - Country fetched succesfully!
wiki_bot - 25-08-24 | 15:56:47 - INFO - Connection was established succesfully to the url: https://en.wikipedia.org//wiki/France
wiki_bot - 25-08-24 | 15:56:48 - INFO - Normalizing the information...
wiki_bot - 25-08-24 | 15:56:48 - INFO - Fetching the country in the database...
wiki_bot - 25-08-24 | 15:56:48 - INFO - Country fetched succesfully!
wiki_bot - 25-08-24 | 15:56:48 - INFO - Connection was established succesfully to the url: https://en.wikipedia.org//wiki/Metropolitan_France
wiki_bot - 25-08-24 | 15:56:48 - WARNING - The current country https://en.wikipedia.org//wiki/Metropolitan_France doesn't have a valid information page
wiki_bot - 25-08-24 | 15:56:49 - INFO - Connection was established succesfully to the url: https://en.wikipedia.org//wiki/Yemen
wiki_bot - 25-08-24 | 15:56:49 - INFO - Normalizing the information...
wiki_bot - 25-08-24 | 15:56:49 - INFO - Fetching the country in the database...
wiki_bot - 25-08-24 | 15:56:49 - INFO - Country fetched succesfully!
wiki_bot - 25-08-24 | 15:56:50 - INFO - Connection was established succesfully to the url: https://en.wikipedia.org//wiki/Thailand
wiki_bot - 25-08-24 | 15:56:51 - INFO - Normalizing the information...
wiki_bot - 25-08-24 | 15:56:51 - INFO - Fetching the country in the database...
wiki_bot - 25-08-24 | 15:56:51 - INFO - Country fetched succesfully!
wiki_bot - 25-08-24 | 15:56:51 - INFO - Connection was established succesfully to the url: https://en.wikipedia.org//wiki/Spain
wiki_bot - 25-08-24 | 15:56:52 - INFO - Normalizing the information...
wiki_bot - 25-08-24 | 15:56:52 - INFO - Fetching the country in the database...
wiki_bot - 25-08-24 | 15:56:52 - INFO - Country fetched succesfully!
wiki_bot - 25-08-24 | 15:56:52 - INFO - Connection was established succesfully to the url: https://en.wikipedia.org//wiki/Turkmenistan
wiki_bot - 25-08-24 | 15:56:53 - INFO - Normalizing the information...
wiki_bot - 25-08-24 | 15:56:53 - INFO - Fetching the country in the database...
wiki_bot - 25-08-24 | 15:56:53 - INFO - Country fetched succesfully!
wiki_bot - 25-08-24 | 15:56:53 - INFO - Connection was established succesfully to the url: https://en.wikipedia.org//wiki/Cameroon
wiki_bot - 25-08-24 | 15:56:54 - INFO - Normalizing the information...
wiki_bot - 25-08-24 | 15:56:54 - INFO - Fetching the country in the database...
wiki_bot - 25-08-24 | 15:56:54 - INFO - Country fetched succesfully!
wiki_bot - 25-08-24 | 15:56:54 - INFO - Connection was established succesfully to the url: https://en.wikipedia.org//wiki/Papua_New_Guinea
wiki_bot - 25-08-24 | 15:56:55 - INFO - Normalizing the information...
wiki_bot - 25-08-24 | 15:56:55 - INFO - Fetching the country in the database...
wiki_bot - 25-08-24 | 15:56:55 - INFO - Country fetched succesfully!
wiki_bot - 25-08-24 | 15:56:55 - INFO - Connection was established succesfully to the url: https://en.wikipedia.org//wiki/Sweden
wiki_bot - 25-08-24 | 15:56:56 - INFO - Normalizing the information...
wiki_bot - 25-08-24 | 15:56:56 - INFO - Fetching the country in the database...
wiki_bot - 25-08-24 | 15:56:56 - INFO - Country fetched succesfully!
wiki_bot - 25-08-24 | 15:56:56 - INFO - Connection was established succesfully to the url: https://en.wikipedia.org//wiki/Uzbekistan
wiki_bot - 25-08-24 | 15:56:57 - INFO - Normalizing the information...
wiki_bot - 25-08-24 | 15:56:57 - INFO - Fetching the country in the database...
wiki_bot - 25-08-24 | 15:56:57 - INFO - Country fetched succesfully!
