2024-07-24 15:06:35,139 - Am accesat linkul https://wikimediafoundation.org/ dupa ce am plecat de la https://en.wikipedia.org/wiki/Donald_Trump
 - INFO
2024-07-24 15:06:56,623 - Am accesat linkul https://wikimediafoundation.org/ dupa ce am plecat de la https://en.wikipedia.org/wiki/Donald_Trump
 - INFO
2024-07-24 15:06:56,626 - Am accesat linkul https://www.mediawiki.org dupa ce am plecat de la https://en.wikipedia.org/wiki/Donald_Trump
 - INFO
2024-07-24 15:06:56,627 - Am terminat de trimis request-urile din link-ul https://en.wikipedia.org/wiki/Donald_Trump - INFO
2024-07-24 15:08:15,365 - Am accesat linkul https://wikimediafoundation.org/ dupa ce am plecat de la https://en.wikipedia.org/wiki/Donald_Trump
 - INFO
2024-07-24 15:08:15,368 - Am accesat linkul https://www.mediawiki.org dupa ce am plecat de la https://en.wikipedia.org/wiki/Donald_Trump
 - INFO
2024-07-24 15:08:15,369 - Am terminat de trimis request-urile din link-ul https://en.wikipedia.org/wiki/Donald_Trump - INFO
2024-07-24 15:08:15,851 - Am accesat linkul https://wikimediafoundation.org/ dupa ce am plecat de la https://www.mediawiki.org/wiki/MediaWiki
 - INFO
2024-07-24 15:08:15,853 - Am accesat linkul https://www.mediawiki.org dupa ce am plecat de la https://www.mediawiki.org/wiki/MediaWiki
 - INFO
2024-07-24 15:08:15,853 - Am terminat de trimis request-urile din link-ul https://www.mediawiki.org/wiki/MediaWiki - INFO
2024-07-24 15:08:15,944 - Am accesat linkul https://whoseknowledge.org/issues/public-online-knowledge/ dupa ce am plecat de la https://wikimediafoundation.org/
 - INFO
2024-07-24 15:08:15,945 - Am accesat linkul https://www.facebook.com/wikimediafoundation/ dupa ce am plecat de la https://wikimediafoundation.org/
 - INFO
2024-07-24 15:08:15,946 - Am accesat linkul https://twitter.com/wikimedia dupa ce am plecat de la https://wikimediafoundation.org/
 - INFO
2024-07-24 15:08:15,947 - Am accesat linkul https://www.instagram.com/wikimediafoundation/ dupa ce am plecat de la https://wikimediafoundation.org/
 - INFO
2024-07-24 15:08:15,948 - Am accesat linkul https://www.linkedin.com/company/wikimedia-foundation dupa ce am plecat de la https://wikimediafoundation.org/
 - INFO
2024-07-24 15:08:15,949 - Am accesat linkul https://commons.wikimedia.org/wiki/File:Green_Roof_at_the_WIPO_Headquarters_10.jpg dupa ce am plecat de la https://wikimediafoundation.org/
 - INFO
2024-07-24 15:08:15,978 - Am accesat linkul https://creativecommons.org/licenses/by-sa/4.0/ dupa ce am plecat de la https://wikimediafoundation.org/
 - INFO
2024-07-24 15:08:15,979 - Am accesat linkul https://commons.wikimedia.org/wiki/File:Wikimedia_Foundation_logo_-_vertical.svg dupa ce am plecat de la https://wikimediafoundation.org/
 - INFO
2024-07-24 15:08:15,980 - Am accesat linkul https://en.wikipedia.org/wiki/Public_domain dupa ce am plecat de la https://wikimediafoundation.org/
 - INFO
2024-07-24 15:08:15,981 - Am accesat linkul https://commons.wikimedia.org/wiki/File:Sam_Oye_Wiki_Indaba_2017_Portraits.jpg dupa ce am plecat de la https://wikimediafoundation.org/
 - INFO
2024-07-24 15:08:15,982 - Am accesat linkul https://creativecommons.org/licenses/by-sa/4.0/ dupa ce am plecat de la https://wikimediafoundation.org/
 - INFO
2024-07-24 15:08:15,983 - Am accesat linkul https://creativecommons.org/licenses/by/2.0/ dupa ce am plecat de la https://wikimediafoundation.org/
 - INFO
2024-07-24 15:08:15,985 - Am accesat linkul https://blog.wikimedia.org/2017/09/07/pranayraj-wikiyear-challenge/pranayraj-vangari/ dupa ce am plecat de la https://wikimediafoundation.org/
 - INFO
2024-07-24 15:08:15,986 - Am accesat linkul https://creativecommons.org/licenses/by-sa/4.0/ dupa ce am plecat de la https://wikimediafoundation.org/
 - INFO
2024-07-24 15:08:15,987 - Am accesat linkul https://commons.wikimedia.org/wiki/File:Wikimedia_Conference_2017_%E2%80%93_228.jpg dupa ce am plecat de la https://wikimediafoundation.org/
 - INFO
2024-07-24 15:08:15,993 - Am accesat linkul https://creativecommons.org/licenses/by-sa/4.0/ dupa ce am plecat de la https://wikimediafoundation.org/
 - INFO
2024-07-24 15:08:15,995 - Am accesat linkul https://commons.wikimedia.org/wiki/File:Papaul_Tshibamba-3.jpg dupa ce am plecat de la https://wikimediafoundation.org/
 - INFO
2024-07-24 15:08:15,996 - Am accesat linkul https://creativecommons.org/licenses/by-sa/3.0/ dupa ce am plecat de la https://wikimediafoundation.org/
 - INFO
2024-07-24 15:08:15,997 - Am accesat linkul https://commons.wikimedia.org/wiki/File:SOPA_protest_in_Midtown_NYC.jpg dupa ce am plecat de la https://wikimediafoundation.org/
 - INFO
2024-07-24 15:08:15,998 - Am accesat linkul https://creativecommons.org/licenses/by-sa/4.0/ dupa ce am plecat de la https://wikimediafoundation.org/
 - INFO
2024-07-24 15:08:15,999 - Am accesat linkul https://commons.wikimedia.org/wiki/File:Wikipedia-logo-v2.svg dupa ce am plecat de la https://wikimediafoundation.org/
 - INFO
2024-07-24 15:08:16,000 - Am accesat linkul https://creativecommons.org/licenses/by-sa/3.0/ dupa ce am plecat de la https://wikimediafoundation.org/
 - INFO
2024-07-24 15:08:16,001 - Am accesat linkul https://commons.wikimedia.org/wiki/File:Commons-logo.svg dupa ce am plecat de la https://wikimediafoundation.org/
 - INFO
2024-07-24 15:08:16,005 - Am accesat linkul https://en.wikipedia.org/wiki/Public_domain dupa ce am plecat de la https://wikimediafoundation.org/
 - INFO
2024-07-24 15:08:16,006 - Am accesat linkul https://commons.wikimedia.org/wiki/File:ArtAndFeminism_2017_Livrustkammaren_06.jpg dupa ce am plecat de la https://wikimediafoundation.org/
 - INFO
2024-07-24 15:08:16,007 - Am accesat linkul https://creativecommons.org/licenses/by-sa/3.0/ dupa ce am plecat de la https://wikimediafoundation.org/
 - INFO
2024-07-24 15:08:16,008 - Am terminat de trimis request-urile din link-ul https://wikimediafoundation.org/ - INFO
2024-07-24 15:08:16,455 - Am accesat linkul https://www.classy.org/give/313412/#!/donation/checkout?c_src=website&c_src2=top-of-page-banner dupa ce am plecat de la https://creativecommons.org/licenses/by/2.0/
 - INFO
2024-07-24 15:08:16,457 - Am accesat linkul https://network.creativecommons.org/ dupa ce am plecat de la https://creativecommons.org/licenses/by/2.0/
 - INFO
2024-07-24 15:08:16,458 - Am accesat linkul https://certificate.creativecommons.org/ dupa ce am plecat de la https://creativecommons.org/licenses/by/2.0/
 - INFO
2024-07-24 15:08:16,459 - Am accesat linkul https://summit.creativecommons.org/ dupa ce am plecat de la https://creativecommons.org/licenses/by/2.0/
 - INFO
2024-07-24 15:08:16,460 - Am accesat linkul https://search.creativecommons.org/ dupa ce am plecat de la https://creativecommons.org/licenses/by/2.0/
 - INFO
2024-07-24 15:08:16,462 - Am accesat linkul https://opensource.creativecommons.org/ dupa ce am plecat de la https://creativecommons.org/licenses/by/2.0/
 - INFO
2024-07-24 15:08:16,463 - Am accesat linkul https://mail.creativecommons.org/subscribe dupa ce am plecat de la https://creativecommons.org/licenses/by/2.0/
 - INFO
2024-07-24 15:08:16,468 - Am accesat linkul https://twitter.com/creativecommons dupa ce am plecat de la https://creativecommons.org/licenses/by/2.0/
 - INFO
2024-07-24 15:08:16,470 - Am accesat linkul https://mastodon.social/@creativecommons dupa ce am plecat de la https://creativecommons.org/licenses/by/2.0/
 - INFO
2024-07-24 15:08:16,471 - Am accesat linkul https://www.facebook.com/creativecommons dupa ce am plecat de la https://creativecommons.org/licenses/by/2.0/
 - INFO
2024-07-24 15:08:16,472 - Am accesat linkul https://www.linkedin.com/company/creative-commons/ dupa ce am plecat de la https://creativecommons.org/licenses/by/2.0/
 - INFO
2024-07-24 15:08:16,474 - Am accesat linkul https://www.classy.org/give/313412/#!/donation/checkout?c_src=website&c_src2=top-of-page-banner dupa ce am plecat de la https://creativecommons.org/licenses/by/2.0/
 - INFO
2024-07-24 15:08:16,476 - Am accesat linkul https://fontawesome.com/ dupa ce am plecat de la https://creativecommons.org/licenses/by/2.0/
 - INFO
2024-07-24 15:08:16,477 - Am terminat de trimis request-urile din link-ul https://creativecommons.org/licenses/by/2.0/ - INFO
2024-07-24 15:08:16,562 - Am accesat linkul https://www.wikidata.org/wiki/Special:EntityPage/P180 dupa ce am plecat de la https://commons.wikimedia.org/wiki/File:Green_Roof_at_the_WIPO_Headquarters_10.jpg
 - INFO
2024-07-24 15:08:16,564 - Am accesat linkul https://www.wikidata.org/wiki/Special:EntityPage/Q48741 dupa ce am plecat de la https://commons.wikimedia.org/wiki/File:Green_Roof_at_the_WIPO_Headquarters_10.jpg
 - INFO
2024-07-24 15:08:16,566 - Am accesat linkul https://www.wikidata.org/wiki/Special:EntityPage/P6216 dupa ce am plecat de la https://commons.wikimedia.org/wiki/File:Green_Roof_at_the_WIPO_Headquarters_10.jpg
 - INFO
2024-07-24 15:08:16,567 - Am accesat linkul https://www.wikidata.org/wiki/Special:EntityPage/Q50423863 dupa ce am plecat de la https://commons.wikimedia.org/wiki/File:Green_Roof_at_the_WIPO_Headquarters_10.jpg
 - INFO
2024-07-24 15:08:16,568 - Am accesat linkul https://www.wikidata.org/wiki/Special:EntityPage/P275 dupa ce am plecat de la https://commons.wikimedia.org/wiki/File:Green_Roof_at_the_WIPO_Headquarters_10.jpg
 - INFO
2024-07-24 15:08:16,570 - Am accesat linkul https://www.wikidata.org/wiki/Special:EntityPage/Q18199165 dupa ce am plecat de la https://commons.wikimedia.org/wiki/File:Green_Roof_at_the_WIPO_Headquarters_10.jpg
 - INFO
2024-07-24 15:08:16,572 - Am accesat linkul https://www.wikidata.org/wiki/Special:EntityPage/P6757 dupa ce am plecat de la https://commons.wikimedia.org/wiki/File:Green_Roof_at_the_WIPO_Headquarters_10.jpg
 - INFO
2024-07-24 15:08:16,574 - Am accesat linkul https://www.wikidata.org/wiki/Special:EntityPage/P6790 dupa ce am plecat de la https://commons.wikimedia.org/wiki/File:Green_Roof_at_the_WIPO_Headquarters_10.jpg
 - INFO
2024-07-24 15:08:16,576 - Am accesat linkul https://www.wikidata.org/wiki/Special:EntityPage/P2151 dupa ce am plecat de la https://commons.wikimedia.org/wiki/File:Green_Roof_at_the_WIPO_Headquarters_10.jpg
 - INFO
2024-07-24 15:08:16,589 - Am accesat linkul https://www.wikidata.org/wiki/Special:EntityPage/P6789 dupa ce am plecat de la https://commons.wikimedia.org/wiki/File:Green_Roof_at_the_WIPO_Headquarters_10.jpg
 - INFO
2024-07-24 15:08:16,591 - Am accesat linkul https://www.wikidata.org/wiki/Special:EntityPage/P31 dupa ce am plecat de la https://commons.wikimedia.org/wiki/File:Green_Roof_at_the_WIPO_Headquarters_10.jpg
 - INFO
2024-07-24 15:08:16,593 - Am accesat linkul https://www.wikidata.org/wiki/Special:EntityPage/Q125191 dupa ce am plecat de la https://commons.wikimedia.org/wiki/File:Green_Roof_at_the_WIPO_Headquarters_10.jpg
 - INFO
2024-07-24 15:08:16,595 - Am accesat linkul https://www.wikidata.org/wiki/Special:EntityPage/P1259 dupa ce am plecat de la https://commons.wikimedia.org/wiki/File:Green_Roof_at_the_WIPO_Headquarters_10.jpg
 - INFO
2024-07-24 15:08:16,596 - Am accesat linkul https://www.wikidata.org/wiki/Special:EntityPage/P6305 dupa ce am plecat de la https://commons.wikimedia.org/wiki/File:Green_Roof_at_the_WIPO_Headquarters_10.jpg
 - INFO
2024-07-24 15:08:16,598 - Am accesat linkul https://ticket.wikimedia.org/otrs/index.pl?Action=AgentTicketZoom&TicketNumber=2021081210011072 dupa ce am plecat de la https://commons.wikimedia.org/wiki/File:Green_Roof_at_the_WIPO_Headquarters_10.jpg
 - INFO
2024-07-24 15:08:16,618 - Am accesat linkul https://www.wikidata.org/wiki/Special:EntityPage/P1163 dupa ce am plecat de la https://commons.wikimedia.org/wiki/File:Green_Roof_at_the_WIPO_Headquarters_10.jpg
 - INFO
2024-07-24 15:08:16,619 - Am accesat linkul https://wikimediafoundation.org/ dupa ce am plecat de la https://commons.wikimedia.org/wiki/File:Green_Roof_at_the_WIPO_Headquarters_10.jpg
 - INFO
2024-07-24 15:08:16,621 - Am accesat linkul https://www.mediawiki.org dupa ce am plecat de la https://commons.wikimedia.org/wiki/File:Green_Roof_at_the_WIPO_Headquarters_10.jpg
 - INFO
2024-07-24 15:08:16,622 - Am terminat de trimis request-urile din link-ul https://commons.wikimedia.org/wiki/File:Green_Roof_at_the_WIPO_Headquarters_10.jpg - INFO
2024-07-24 15:08:16,632 - Am accesat linkul https://www.classy.org/give/313412/#!/donation/checkout?c_src=website&c_src2=top-of-page-banner dupa ce am plecat de la https://creativecommons.org/licenses/by-sa/3.0/
 - INFO
2024-07-24 15:08:16,634 - Am accesat linkul https://network.creativecommons.org/ dupa ce am plecat de la https://creativecommons.org/licenses/by-sa/3.0/
 - INFO
2024-07-24 15:08:16,635 - Am accesat linkul https://certificate.creativecommons.org/ dupa ce am plecat de la https://creativecommons.org/licenses/by-sa/3.0/
 - INFO
2024-07-24 15:08:16,636 - Am accesat linkul https://summit.creativecommons.org/ dupa ce am plecat de la https://creativecommons.org/licenses/by-sa/3.0/
 - INFO
2024-07-24 15:08:16,637 - Am accesat linkul https://search.creativecommons.org/ dupa ce am plecat de la https://creativecommons.org/licenses/by-sa/3.0/
 - INFO
2024-07-24 15:08:16,638 - Am accesat linkul https://opensource.creativecommons.org/ dupa ce am plecat de la https://creativecommons.org/licenses/by-sa/3.0/
 - INFO
2024-07-24 15:08:16,644 - Am accesat linkul https://mail.creativecommons.org/subscribe dupa ce am plecat de la https://creativecommons.org/licenses/by-sa/3.0/
 - INFO
2024-07-24 15:08:16,645 - Am accesat linkul https://twitter.com/creativecommons dupa ce am plecat de la https://creativecommons.org/licenses/by-sa/3.0/
 - INFO
2024-07-24 15:08:16,646 - Am accesat linkul https://mastodon.social/@creativecommons dupa ce am plecat de la https://creativecommons.org/licenses/by-sa/3.0/
 - INFO
2024-07-24 15:08:16,647 - Am accesat linkul https://www.facebook.com/creativecommons dupa ce am plecat de la https://creativecommons.org/licenses/by-sa/3.0/
 - INFO
2024-07-24 15:08:16,648 - Am accesat linkul https://www.linkedin.com/company/creative-commons/ dupa ce am plecat de la https://creativecommons.org/licenses/by-sa/3.0/
 - INFO
2024-07-24 15:08:16,650 - Am accesat linkul https://www.classy.org/give/313412/#!/donation/checkout?c_src=website&c_src2=top-of-page-banner dupa ce am plecat de la https://creativecommons.org/licenses/by-sa/3.0/
 - INFO
2024-07-24 15:08:16,652 - Am accesat linkul https://fontawesome.com/ dupa ce am plecat de la https://creativecommons.org/licenses/by-sa/3.0/
 - INFO
2024-07-24 15:08:16,653 - Am terminat de trimis request-urile din link-ul https://creativecommons.org/licenses/by-sa/3.0/ - INFO
2024-07-24 15:08:16,695 - Am accesat linkul https://wikimediafoundation.org/ dupa ce am plecat de la https://en.wikipedia.org/wiki/Public_domain
 - INFO
2024-07-24 15:08:16,729 - Am accesat linkul https://www.mediawiki.org dupa ce am plecat de la https://en.wikipedia.org/wiki/Public_domain
 - INFO
2024-07-24 15:08:16,730 - Am terminat de trimis request-urile din link-ul https://en.wikipedia.org/wiki/Public_domain - INFO
2024-07-24 15:08:16,847 - Am accesat linkul https://www.wikidata.org/wiki/Special:EntityPage/P180 dupa ce am plecat de la https://commons.wikimedia.org/wiki/File:Commons-logo.svg
 - INFO
2024-07-24 15:08:16,848 - Am accesat linkul https://www.wikidata.org/wiki/Special:EntityPage/P6216 dupa ce am plecat de la https://commons.wikimedia.org/wiki/File:Commons-logo.svg
 - INFO
2024-07-24 15:08:16,850 - Am accesat linkul https://www.wikidata.org/wiki/Special:EntityPage/Q50423863 dupa ce am plecat de la https://commons.wikimedia.org/wiki/File:Commons-logo.svg
 - INFO
2024-07-24 15:08:16,852 - Am accesat linkul https://www.wikidata.org/wiki/Special:EntityPage/P275 dupa ce am plecat de la https://commons.wikimedia.org/wiki/File:Commons-logo.svg
 - INFO
2024-07-24 15:08:16,853 - Am accesat linkul https://www.wikidata.org/wiki/Special:EntityPage/Q14946043 dupa ce am plecat de la https://commons.wikimedia.org/wiki/File:Commons-logo.svg
 - INFO
2024-07-24 15:08:16,855 - Am accesat linkul https://www.wikidata.org/wiki/Special:EntityPage/P8058 dupa ce am plecat de la https://commons.wikimedia.org/wiki/File:Commons-logo.svg
 - INFO
2024-07-24 15:08:16,856 - Am accesat linkul https://www.wikidata.org/wiki/Special:EntityPage/Q565 dupa ce am plecat de la https://commons.wikimedia.org/wiki/File:Commons-logo.svg
 - INFO
2024-07-24 15:08:16,858 - Am accesat linkul https://wikimediafoundation.org/ dupa ce am plecat de la https://commons.wikimedia.org/wiki/File:Commons-logo.svg
 - INFO
2024-07-24 15:08:16,859 - Am accesat linkul https://www.mediawiki.org dupa ce am plecat de la https://commons.wikimedia.org/wiki/File:Commons-logo.svg
 - INFO
2024-07-24 15:08:16,860 - Am terminat de trimis request-urile din link-ul https://commons.wikimedia.org/wiki/File:Commons-logo.svg - INFO
2024-07-24 15:08:16,872 - Am accesat linkul https://www.wikidata.org/wiki/Special:EntityPage/P180 dupa ce am plecat de la https://commons.wikimedia.org/wiki/File:Wikimedia_Conference_2017_%E2%80%93_228.jpg
 - INFO
2024-07-24 15:08:16,874 - Am accesat linkul https://www.wikidata.org/wiki/Special:EntityPage/P6216 dupa ce am plecat de la https://commons.wikimedia.org/wiki/File:Wikimedia_Conference_2017_%E2%80%93_228.jpg
 - INFO
2024-07-24 15:08:16,875 - Am accesat linkul https://www.wikidata.org/wiki/Special:EntityPage/Q50423863 dupa ce am plecat de la https://commons.wikimedia.org/wiki/File:Wikimedia_Conference_2017_%E2%80%93_228.jpg
 - INFO
2024-07-24 15:08:16,876 - Am accesat linkul https://www.wikidata.org/wiki/Special:EntityPage/P275 dupa ce am plecat de la https://commons.wikimedia.org/wiki/File:Wikimedia_Conference_2017_%E2%80%93_228.jpg
 - INFO
2024-07-24 15:08:16,877 - Am accesat linkul https://www.wikidata.org/wiki/Special:EntityPage/Q18199165 dupa ce am plecat de la https://commons.wikimedia.org/wiki/File:Wikimedia_Conference_2017_%E2%80%93_228.jpg
 - INFO
2024-07-24 15:08:16,884 - Am accesat linkul https://www.wikidata.org/wiki/Special:EntityPage/P180 dupa ce am plecat de la https://commons.wikimedia.org/wiki/File:ArtAndFeminism_2017_Livrustkammaren_06.jpg
 - INFO
2024-07-24 15:08:16,885 - Am accesat linkul https://www.wikidata.org/wiki/Special:EntityPage/Q1636176 dupa ce am plecat de la https://commons.wikimedia.org/wiki/File:ArtAndFeminism_2017_Livrustkammaren_06.jpg
 - INFO
2024-07-24 15:08:16,886 - Am accesat linkul https://www.wikidata.org/wiki/Special:EntityPage/P6216 dupa ce am plecat de la https://commons.wikimedia.org/wiki/File:ArtAndFeminism_2017_Livrustkammaren_06.jpg
 - INFO
2024-07-24 15:08:16,887 - Am accesat linkul https://www.wikidata.org/wiki/Special:EntityPage/Q50423863 dupa ce am plecat de la https://commons.wikimedia.org/wiki/File:ArtAndFeminism_2017_Livrustkammaren_06.jpg
 - INFO
2024-07-24 15:08:16,894 - Am accesat linkul https://www.wikidata.org/wiki/Special:EntityPage/P180 dupa ce am plecat de la https://commons.wikimedia.org/wiki/File:Wikipedia-logo-v2.svg
 - INFO
2024-07-24 15:08:16,896 - Am accesat linkul https://www.wikidata.org/wiki/Special:EntityPage/Q133792 dupa ce am plecat de la https://commons.wikimedia.org/wiki/File:Wikipedia-logo-v2.svg
 - INFO
2024-07-24 15:08:16,897 - Am accesat linkul https://www.wikidata.org/wiki/Special:EntityPage/Q181008 dupa ce am plecat de la https://commons.wikimedia.org/wiki/File:Wikipedia-logo-v2.svg
 - INFO
2024-07-24 15:08:16,898 - Am accesat linkul https://www.wikidata.org/wiki/Special:EntityPage/Q26162470 dupa ce am plecat de la https://commons.wikimedia.org/wiki/File:Wikipedia-logo-v2.svg
 - INFO
2024-07-24 15:08:16,899 - Am accesat linkul https://www.wikidata.org/wiki/Special:EntityPage/Q190656 dupa ce am plecat de la https://commons.wikimedia.org/wiki/File:Wikipedia-logo-v2.svg
 - INFO
2024-07-24 15:08:16,905 - Am accesat linkul https://www.wikidata.org/wiki/Special:EntityPage/P4082 dupa ce am plecat de la https://commons.wikimedia.org/wiki/File:Wikimedia_Conference_2017_%E2%80%93_228.jpg
 - INFO
2024-07-24 15:08:16,906 - Am accesat linkul https://www.wikidata.org/wiki/Special:EntityPage/Q19297634 dupa ce am plecat de la https://commons.wikimedia.org/wiki/File:Wikimedia_Conference_2017_%E2%80%93_228.jpg
 - INFO
2024-07-24 15:08:16,907 - Am accesat linkul https://www.wikidata.org/wiki/Special:EntityPage/P571 dupa ce am plecat de la https://commons.wikimedia.org/wiki/File:Wikimedia_Conference_2017_%E2%80%93_228.jpg
 - INFO
2024-07-24 15:08:16,908 - Am accesat linkul https://wikimediafoundation.org/ dupa ce am plecat de la https://commons.wikimedia.org/wiki/File:Wikimedia_Conference_2017_%E2%80%93_228.jpg
 - INFO
2024-07-24 15:08:16,909 - Am accesat linkul https://www.mediawiki.org dupa ce am plecat de la https://commons.wikimedia.org/wiki/File:Wikimedia_Conference_2017_%E2%80%93_228.jpg
 - INFO
2024-07-24 15:08:16,910 - Am terminat de trimis request-urile din link-ul https://commons.wikimedia.org/wiki/File:Wikimedia_Conference_2017_%E2%80%93_228.jpg - INFO
2024-07-24 15:08:16,912 - Am accesat linkul https://www.wikidata.org/wiki/Special:EntityPage/P275 dupa ce am plecat de la https://commons.wikimedia.org/wiki/File:ArtAndFeminism_2017_Livrustkammaren_06.jpg
 - INFO
2024-07-24 15:08:16,913 - Am accesat linkul https://www.wikidata.org/wiki/Special:EntityPage/Q14946043 dupa ce am plecat de la https://commons.wikimedia.org/wiki/File:ArtAndFeminism_2017_Livrustkammaren_06.jpg
 - INFO
2024-07-24 15:08:16,915 - Am accesat linkul https://www.wikidata.org/wiki/Special:EntityPage/P4082 dupa ce am plecat de la https://commons.wikimedia.org/wiki/File:ArtAndFeminism_2017_Livrustkammaren_06.jpg
 - INFO
2024-07-24 15:08:16,916 - Am accesat linkul https://www.wikidata.org/wiki/Special:EntityPage/Q20888994 dupa ce am plecat de la https://commons.wikimedia.org/wiki/File:ArtAndFeminism_2017_Livrustkammaren_06.jpg
 - INFO
2024-07-24 15:08:16,917 - Am accesat linkul https://www.wikidata.org/wiki/Special:EntityPage/P6757 dupa ce am plecat de la https://commons.wikimedia.org/wiki/File:ArtAndFeminism_2017_Livrustkammaren_06.jpg
 - INFO
2024-07-24 15:08:16,919 - Am accesat linkul https://www.wikidata.org/wiki/Special:EntityPage/P6790 dupa ce am plecat de la https://commons.wikimedia.org/wiki/File:ArtAndFeminism_2017_Livrustkammaren_06.jpg
 - INFO
2024-07-24 15:08:16,920 - Am accesat linkul https://www.wikidata.org/wiki/Special:EntityPage/P2151 dupa ce am plecat de la https://commons.wikimedia.org/wiki/File:ArtAndFeminism_2017_Livrustkammaren_06.jpg
 - INFO
2024-07-24 15:08:16,921 - Am accesat linkul https://www.wikidata.org/wiki/Special:EntityPage/P6789 dupa ce am plecat de la https://commons.wikimedia.org/wiki/File:ArtAndFeminism_2017_Livrustkammaren_06.jpg
 - INFO
2024-07-24 15:08:16,923 - Am accesat linkul https://www.wikidata.org/wiki/Special:EntityPage/Q30081 dupa ce am plecat de la https://commons.wikimedia.org/wiki/File:Wikipedia-logo-v2.svg
 - INFO
2024-07-24 15:08:16,924 - Am accesat linkul https://www.wikidata.org/wiki/Special:EntityPage/Q9964 dupa ce am plecat de la https://commons.wikimedia.org/wiki/File:Wikipedia-logo-v2.svg
 - INFO
2024-07-24 15:08:16,925 - Am accesat linkul https://www.wikidata.org/wiki/Special:EntityPage/Q9890 dupa ce am plecat de la https://commons.wikimedia.org/wiki/File:Wikipedia-logo-v2.svg
 - INFO
2024-07-24 15:08:16,926 - Am accesat linkul https://www.wikidata.org/wiki/Special:EntityPage/Q19132 dupa ce am plecat de la https://commons.wikimedia.org/wiki/File:Wikipedia-logo-v2.svg
 - INFO
2024-07-24 15:08:16,927 - Am accesat linkul https://www.wikidata.org/wiki/Special:EntityPage/Q56236169 dupa ce am plecat de la https://commons.wikimedia.org/wiki/File:Wikipedia-logo-v2.svg
 - INFO
2024-07-24 15:08:16,928 - Am accesat linkul https://www.wikidata.org/wiki/Special:EntityPage/Q82625 dupa ce am plecat de la https://commons.wikimedia.org/wiki/File:Wikipedia-logo-v2.svg
 - INFO
2024-07-24 15:08:16,929 - Am accesat linkul https://www.wikidata.org/wiki/Special:EntityPage/P6216 dupa ce am plecat de la https://commons.wikimedia.org/wiki/File:Wikipedia-logo-v2.svg
 - INFO
2024-07-24 15:08:16,930 - Am accesat linkul https://www.wikidata.org/wiki/Special:EntityPage/Q50423863 dupa ce am plecat de la https://commons.wikimedia.org/wiki/File:Wikipedia-logo-v2.svg
 - INFO
2024-07-24 15:08:16,931 - Am accesat linkul https://www.wikidata.org/wiki/Special:EntityPage/P275 dupa ce am plecat de la https://commons.wikimedia.org/wiki/File:Wikipedia-logo-v2.svg
 - INFO
2024-07-24 15:08:16,932 - Am accesat linkul https://www.wikidata.org/wiki/Special:EntityPage/Q14946043 dupa ce am plecat de la https://commons.wikimedia.org/wiki/File:Wikipedia-logo-v2.svg
 - INFO
2024-07-24 15:08:16,942 - Am accesat linkul https://www.wikidata.org/wiki/Special:EntityPage/P31 dupa ce am plecat de la https://commons.wikimedia.org/wiki/File:ArtAndFeminism_2017_Livrustkammaren_06.jpg
 - INFO
2024-07-24 15:08:16,944 - Am accesat linkul https://www.wikidata.org/wiki/Special:EntityPage/Q125191 dupa ce am plecat de la https://commons.wikimedia.org/wiki/File:ArtAndFeminism_2017_Livrustkammaren_06.jpg
 - INFO
2024-07-24 15:08:16,945 - Am accesat linkul https://www.wikidata.org/wiki/Special:EntityPage/P1163 dupa ce am plecat de la https://commons.wikimedia.org/wiki/File:ArtAndFeminism_2017_Livrustkammaren_06.jpg
 - INFO
2024-07-24 15:08:16,946 - Am accesat linkul https://www.wikidata.org/wiki/Special:EntityPage/P571 dupa ce am plecat de la https://commons.wikimedia.org/wiki/File:ArtAndFeminism_2017_Livrustkammaren_06.jpg
 - INFO
2024-07-24 15:08:16,947 - Am accesat linkul https://www.wikidata.org/wiki/Special:EntityPage/P4092 dupa ce am plecat de la https://commons.wikimedia.org/wiki/File:ArtAndFeminism_2017_Livrustkammaren_06.jpg
 - INFO
2024-07-24 15:08:16,948 - Am accesat linkul https://www.wikidata.org/wiki/Special:EntityPage/P459 dupa ce am plecat de la https://commons.wikimedia.org/wiki/File:ArtAndFeminism_2017_Livrustkammaren_06.jpg
 - INFO
2024-07-24 15:08:16,949 - Am accesat linkul https://www.wikidata.org/wiki/Special:EntityPage/Q13414952 dupa ce am plecat de la https://commons.wikimedia.org/wiki/File:ArtAndFeminism_2017_Livrustkammaren_06.jpg
 - INFO
2024-07-24 15:08:16,951 - Am accesat linkul https://www.wikidata.org/wiki/Special:EntityPage/P2048 dupa ce am plecat de la https://commons.wikimedia.org/wiki/File:ArtAndFeminism_2017_Livrustkammaren_06.jpg
 - INFO
2024-07-24 15:08:16,952 - Am accesat linkul https://wikimediafoundation.org/ dupa ce am plecat de la https://commons.wikimedia.org/wiki/File:Wikipedia-logo-v2.svg
 - INFO
2024-07-24 15:08:16,953 - Am accesat linkul https://www.mediawiki.org dupa ce am plecat de la https://commons.wikimedia.org/wiki/File:Wikipedia-logo-v2.svg
 - INFO
2024-07-24 15:08:16,954 - Am terminat de trimis request-urile din link-ul https://commons.wikimedia.org/wiki/File:Wikipedia-logo-v2.svg - INFO
2024-07-24 15:08:16,961 - Am accesat linkul https://www.wikidata.org/wiki/Special:EntityPage/P180 dupa ce am plecat de la https://commons.wikimedia.org/wiki/File:SOPA_protest_in_Midtown_NYC.jpg
 - INFO
2024-07-24 15:08:16,962 - Am accesat linkul https://www.wikidata.org/wiki/Special:EntityPage/P170 dupa ce am plecat de la https://commons.wikimedia.org/wiki/File:SOPA_protest_in_Midtown_NYC.jpg
 - INFO
2024-07-24 15:08:16,963 - Am accesat linkul https://www.wikidata.org/wiki/Special:EntityPage/P2699 dupa ce am plecat de la https://commons.wikimedia.org/wiki/File:SOPA_protest_in_Midtown_NYC.jpg
 - INFO
2024-07-24 15:08:16,964 - Am accesat linkul https://commons.wikimedia.org/wiki/user:Zacharymccune dupa ce am plecat de la https://commons.wikimedia.org/wiki/File:SOPA_protest_in_Midtown_NYC.jpg
 - INFO
2024-07-24 15:08:16,965 - Am accesat linkul https://www.wikidata.org/wiki/Special:EntityPage/P2093 dupa ce am plecat de la https://commons.wikimedia.org/wiki/File:SOPA_protest_in_Midtown_NYC.jpg
 - INFO
2024-07-24 15:08:16,972 - Am accesat linkul https://www.wikidata.org/wiki/Special:EntityPage/P2049 dupa ce am plecat de la https://commons.wikimedia.org/wiki/File:ArtAndFeminism_2017_Livrustkammaren_06.jpg
 - INFO
2024-07-24 15:08:16,973 - Am accesat linkul https://wikimediafoundation.org/ dupa ce am plecat de la https://commons.wikimedia.org/wiki/File:ArtAndFeminism_2017_Livrustkammaren_06.jpg
 - INFO
2024-07-24 15:08:16,974 - Am accesat linkul https://www.mediawiki.org dupa ce am plecat de la https://commons.wikimedia.org/wiki/File:ArtAndFeminism_2017_Livrustkammaren_06.jpg
 - INFO
2024-07-24 15:08:16,975 - Am terminat de trimis request-urile din link-ul https://commons.wikimedia.org/wiki/File:ArtAndFeminism_2017_Livrustkammaren_06.jpg - INFO
2024-07-24 15:08:16,977 - Am accesat linkul https://www.wikidata.org/wiki/Special:EntityPage/P4174 dupa ce am plecat de la https://commons.wikimedia.org/wiki/File:SOPA_protest_in_Midtown_NYC.jpg
 - INFO
2024-07-24 15:08:16,978 - Am accesat linkul https://www.wikidata.org/wiki/Special:CentralAuth?target=Zacharymccune dupa ce am plecat de la https://commons.wikimedia.org/wiki/File:SOPA_protest_in_Midtown_NYC.jpg
 - INFO
2024-07-24 15:08:16,980 - Am accesat linkul https://www.wikidata.org/wiki/Special:EntityPage/P6216 dupa ce am plecat de la https://commons.wikimedia.org/wiki/File:SOPA_protest_in_Midtown_NYC.jpg
 - INFO
2024-07-24 15:08:16,981 - Am accesat linkul https://www.wikidata.org/wiki/Special:EntityPage/Q50423863 dupa ce am plecat de la https://commons.wikimedia.org/wiki/File:SOPA_protest_in_Midtown_NYC.jpg
 - INFO
2024-07-24 15:08:16,982 - Am accesat linkul https://www.wikidata.org/wiki/Special:EntityPage/P275 dupa ce am plecat de la https://commons.wikimedia.org/wiki/File:SOPA_protest_in_Midtown_NYC.jpg
 - INFO
2024-07-24 15:08:16,983 - Am accesat linkul https://www.wikidata.org/wiki/Special:EntityPage/Q18199165 dupa ce am plecat de la https://commons.wikimedia.org/wiki/File:SOPA_protest_in_Midtown_NYC.jpg
 - INFO
2024-07-24 15:08:16,984 - Am accesat linkul https://www.wikidata.org/wiki/Special:EntityPage/P4082 dupa ce am plecat de la https://commons.wikimedia.org/wiki/File:SOPA_protest_in_Midtown_NYC.jpg
 - INFO
2024-07-24 15:08:16,986 - Am accesat linkul https://www.wikidata.org/wiki/Special:EntityPage/Q621427 dupa ce am plecat de la https://commons.wikimedia.org/wiki/File:SOPA_protest_in_Midtown_NYC.jpg
 - INFO
2024-07-24 15:08:16,987 - Am accesat linkul https://www.wikidata.org/wiki/Special:EntityPage/P571 dupa ce am plecat de la https://commons.wikimedia.org/wiki/File:SOPA_protest_in_Midtown_NYC.jpg
 - INFO
2024-07-24 15:08:16,992 - Am accesat linkul https://www.wikidata.org/wiki/Special:EntityPage/P180 dupa ce am plecat de la https://commons.wikimedia.org/wiki/File:Papaul_Tshibamba-3.jpg
 - INFO
2024-07-24 15:08:16,993 - Am accesat linkul https://www.wikidata.org/wiki/Special:EntityPage/P170 dupa ce am plecat de la https://commons.wikimedia.org/wiki/File:Papaul_Tshibamba-3.jpg
 - INFO
2024-07-24 15:08:16,994 - Am accesat linkul https://www.wikidata.org/wiki/Special:EntityPage/P2699 dupa ce am plecat de la https://commons.wikimedia.org/wiki/File:Papaul_Tshibamba-3.jpg
 - INFO
2024-07-24 15:08:16,995 - Am accesat linkul https://commons.wikimedia.org/wiki/user:VGrigas_%28WMF%29 dupa ce am plecat de la https://commons.wikimedia.org/wiki/File:Papaul_Tshibamba-3.jpg
 - INFO
2024-07-24 15:08:16,996 - Am accesat linkul https://www.wikidata.org/wiki/Special:EntityPage/P2093 dupa ce am plecat de la https://commons.wikimedia.org/wiki/File:Papaul_Tshibamba-3.jpg
 - INFO
2024-07-24 15:08:16,997 - Am accesat linkul https://www.wikidata.org/wiki/Special:EntityPage/P4174 dupa ce am plecat de la https://commons.wikimedia.org/wiki/File:Papaul_Tshibamba-3.jpg
 - INFO
2024-07-24 15:08:17,000 - Am accesat linkul https://www.wikidata.org/wiki/Special:EntityPage/P7482 dupa ce am plecat de la https://commons.wikimedia.org/wiki/File:SOPA_protest_in_Midtown_NYC.jpg
 - INFO
2024-07-24 15:08:17,001 - Am accesat linkul https://www.wikidata.org/wiki/Special:EntityPage/Q66458942 dupa ce am plecat de la https://commons.wikimedia.org/wiki/File:SOPA_protest_in_Midtown_NYC.jpg
 - INFO
2024-07-24 15:08:17,003 - Am accesat linkul https://www.wikidata.org/wiki/Special:EntityPage/P6790 dupa ce am plecat de la https://commons.wikimedia.org/wiki/File:SOPA_protest_in_Midtown_NYC.jpg
 - INFO
2024-07-24 15:08:17,004 - Am accesat linkul https://www.wikidata.org/wiki/Special:EntityPage/P2151 dupa ce am plecat de la https://commons.wikimedia.org/wiki/File:SOPA_protest_in_Midtown_NYC.jpg
 - INFO
2024-07-24 15:08:17,005 - Am accesat linkul https://www.wikidata.org/wiki/Special:EntityPage/P6789 dupa ce am plecat de la https://commons.wikimedia.org/wiki/File:SOPA_protest_in_Midtown_NYC.jpg
 - INFO
2024-07-24 15:08:17,006 - Am accesat linkul https://www.wikidata.org/wiki/Special:EntityPage/P1163 dupa ce am plecat de la https://commons.wikimedia.org/wiki/File:SOPA_protest_in_Midtown_NYC.jpg
 - INFO
2024-07-24 15:08:17,007 - Am accesat linkul https://www.wikidata.org/wiki/Special:EntityPage/P31 dupa ce am plecat de la https://commons.wikimedia.org/wiki/File:SOPA_protest_in_Midtown_NYC.jpg
 - INFO
2024-07-24 15:08:17,008 - Am accesat linkul https://www.wikidata.org/wiki/Special:EntityPage/Q125191 dupa ce am plecat de la https://commons.wikimedia.org/wiki/File:SOPA_protest_in_Midtown_NYC.jpg
 - INFO
2024-07-24 15:08:17,009 - Am accesat linkul https://www.wikidata.org/wiki/Special:EntityPage/P3575 dupa ce am plecat de la https://commons.wikimedia.org/wiki/File:SOPA_protest_in_Midtown_NYC.jpg
 - INFO
2024-07-24 15:08:17,010 - Am accesat linkul https://www.wikidata.org/wiki/Special:CentralAuth?target=VGrigas%20%28WMF%29 dupa ce am plecat de la https://commons.wikimedia.org/wiki/File:Papaul_Tshibamba-3.jpg
 - INFO
2024-07-24 15:08:17,011 - Am accesat linkul https://www.wikidata.org/wiki/Special:EntityPage/P6216 dupa ce am plecat de la https://commons.wikimedia.org/wiki/File:Papaul_Tshibamba-3.jpg
 - INFO
2024-07-24 15:08:17,012 - Am accesat linkul https://www.wikidata.org/wiki/Special:EntityPage/Q50423863 dupa ce am plecat de la https://commons.wikimedia.org/wiki/File:Papaul_Tshibamba-3.jpg
 - INFO
2024-07-24 15:08:17,014 - Am accesat linkul https://www.wikidata.org/wiki/Special:EntityPage/P275 dupa ce am plecat de la https://commons.wikimedia.org/wiki/File:Papaul_Tshibamba-3.jpg
 - INFO
2024-07-24 15:08:17,015 - Am accesat linkul https://www.wikidata.org/wiki/Special:EntityPage/Q14946043 dupa ce am plecat de la https://commons.wikimedia.org/wiki/File:Papaul_Tshibamba-3.jpg
 - INFO
2024-07-24 15:08:17,016 - Am accesat linkul https://www.wikidata.org/wiki/Special:EntityPage/P4082 dupa ce am plecat de la https://commons.wikimedia.org/wiki/File:Papaul_Tshibamba-3.jpg
 - INFO
2024-07-24 15:08:17,018 - Am accesat linkul https://www.wikidata.org/wiki/Special:EntityPage/Q65054 dupa ce am plecat de la https://commons.wikimedia.org/wiki/File:Papaul_Tshibamba-3.jpg
 - INFO
2024-07-24 15:08:17,025 - Am accesat linkul https://www.wikidata.org/wiki/Special:EntityPage/P180 dupa ce am plecat de la https://commons.wikimedia.org/wiki/File:Sam_Oye_Wiki_Indaba_2017_Portraits.jpg
 - INFO
2024-07-24 15:08:17,027 - Am accesat linkul https://www.wikidata.org/wiki/Special:EntityPage/P170 dupa ce am plecat de la https://commons.wikimedia.org/wiki/File:Sam_Oye_Wiki_Indaba_2017_Portraits.jpg
 - INFO
2024-07-24 15:08:17,028 - Am accesat linkul https://www.wikidata.org/wiki/Special:EntityPage/P4174 dupa ce am plecat de la https://commons.wikimedia.org/wiki/File:Sam_Oye_Wiki_Indaba_2017_Portraits.jpg
 - INFO
2024-07-24 15:08:17,030 - Am accesat linkul https://www.wikidata.org/wiki/Special:CentralAuth?target=ZMcCune%20%28WMF%29 dupa ce am plecat de la https://commons.wikimedia.org/wiki/File:Sam_Oye_Wiki_Indaba_2017_Portraits.jpg
 - INFO
2024-07-24 15:08:17,127 - Am accesat linkul https://www.wikidata.org/wiki/Special:EntityPage/P2048 dupa ce am plecat de la https://commons.wikimedia.org/wiki/File:SOPA_protest_in_Midtown_NYC.jpg
 - INFO
2024-07-24 15:08:17,129 - Am accesat linkul https://www.wikidata.org/wiki/Special:EntityPage/P2049 dupa ce am plecat de la https://commons.wikimedia.org/wiki/File:SOPA_protest_in_Midtown_NYC.jpg
 - INFO
2024-07-24 15:08:17,130 - Am accesat linkul https://www.wikidata.org/wiki/Special:EntityPage/P4092 dupa ce am plecat de la https://commons.wikimedia.org/wiki/File:SOPA_protest_in_Midtown_NYC.jpg
 - INFO
2024-07-24 15:08:17,131 - Am accesat linkul https://www.wikidata.org/wiki/Special:EntityPage/P459 dupa ce am plecat de la https://commons.wikimedia.org/wiki/File:SOPA_protest_in_Midtown_NYC.jpg
 - INFO
2024-07-24 15:08:17,132 - Am accesat linkul https://www.wikidata.org/wiki/Special:EntityPage/Q13414952 dupa ce am plecat de la https://commons.wikimedia.org/wiki/File:SOPA_protest_in_Midtown_NYC.jpg
 - INFO
2024-07-24 15:08:17,133 - Am accesat linkul https://wikimediafoundation.org/ dupa ce am plecat de la https://commons.wikimedia.org/wiki/File:SOPA_protest_in_Midtown_NYC.jpg
 - INFO
2024-07-24 15:08:17,135 - Am accesat linkul https://www.mediawiki.org dupa ce am plecat de la https://commons.wikimedia.org/wiki/File:SOPA_protest_in_Midtown_NYC.jpg
 - INFO
2024-07-24 15:08:17,136 - Am terminat de trimis request-urile din link-ul https://commons.wikimedia.org/wiki/File:SOPA_protest_in_Midtown_NYC.jpg - INFO
2024-07-24 15:08:17,137 - Am accesat linkul https://www.wikidata.org/wiki/Special:EntityPage/P7482 dupa ce am plecat de la https://commons.wikimedia.org/wiki/File:Papaul_Tshibamba-3.jpg
 - INFO
2024-07-24 15:08:17,138 - Am accesat linkul https://www.wikidata.org/wiki/Special:EntityPage/Q66458942 dupa ce am plecat de la https://commons.wikimedia.org/wiki/File:Papaul_Tshibamba-3.jpg
 - INFO
2024-07-24 15:08:17,140 - Am accesat linkul https://www.wikidata.org/wiki/Special:EntityPage/P571 dupa ce am plecat de la https://commons.wikimedia.org/wiki/File:Papaul_Tshibamba-3.jpg
 - INFO
2024-07-24 15:08:17,141 - Am accesat linkul https://wikimediafoundation.org/ dupa ce am plecat de la https://commons.wikimedia.org/wiki/File:Papaul_Tshibamba-3.jpg
 - INFO
2024-07-24 15:08:17,142 - Am accesat linkul https://www.mediawiki.org dupa ce am plecat de la https://commons.wikimedia.org/wiki/File:Papaul_Tshibamba-3.jpg
 - INFO
2024-07-24 15:08:17,143 - Am terminat de trimis request-urile din link-ul https://commons.wikimedia.org/wiki/File:Papaul_Tshibamba-3.jpg - INFO
2024-07-24 15:08:17,145 - Am accesat linkul https://www.wikidata.org/wiki/Special:EntityPage/P2093 dupa ce am plecat de la https://commons.wikimedia.org/wiki/File:Sam_Oye_Wiki_Indaba_2017_Portraits.jpg
 - INFO
2024-07-24 15:08:17,146 - Am accesat linkul https://www.wikidata.org/wiki/Special:EntityPage/P2699 dupa ce am plecat de la https://commons.wikimedia.org/wiki/File:Sam_Oye_Wiki_Indaba_2017_Portraits.jpg
 - INFO
2024-07-24 15:08:17,148 - Am accesat linkul https://commons.wikimedia.org/wiki/user:ZMcCune_%28WMF%29 dupa ce am plecat de la https://commons.wikimedia.org/wiki/File:Sam_Oye_Wiki_Indaba_2017_Portraits.jpg
 - INFO
2024-07-24 15:08:17,149 - Am accesat linkul https://www.wikidata.org/wiki/Special:EntityPage/P6216 dupa ce am plecat de la https://commons.wikimedia.org/wiki/File:Sam_Oye_Wiki_Indaba_2017_Portraits.jpg
 - INFO
2024-07-24 15:08:17,150 - Am accesat linkul https://www.wikidata.org/wiki/Special:EntityPage/Q50423863 dupa ce am plecat de la https://commons.wikimedia.org/wiki/File:Sam_Oye_Wiki_Indaba_2017_Portraits.jpg
 - INFO
2024-07-24 15:08:17,152 - Am accesat linkul https://www.wikidata.org/wiki/Special:EntityPage/P275 dupa ce am plecat de la https://commons.wikimedia.org/wiki/File:Sam_Oye_Wiki_Indaba_2017_Portraits.jpg
 - INFO
2024-07-24 15:08:17,153 - Am accesat linkul https://www.wikidata.org/wiki/Special:EntityPage/Q18199165 dupa ce am plecat de la https://commons.wikimedia.org/wiki/File:Sam_Oye_Wiki_Indaba_2017_Portraits.jpg
 - INFO
2024-07-24 15:08:17,154 - Am accesat linkul https://www.wikidata.org/wiki/Special:EntityPage/P571 dupa ce am plecat de la https://commons.wikimedia.org/wiki/File:Sam_Oye_Wiki_Indaba_2017_Portraits.jpg
 - INFO
2024-07-24 15:08:17,158 - Am accesat linkul https://www.wikidata.org/wiki/Special:EntityPage/P7482 dupa ce am plecat de la https://commons.wikimedia.org/wiki/File:Sam_Oye_Wiki_Indaba_2017_Portraits.jpg
 - INFO
2024-07-24 15:08:17,159 - Am accesat linkul https://www.wikidata.org/wiki/Special:EntityPage/Q66458942 dupa ce am plecat de la https://commons.wikimedia.org/wiki/File:Sam_Oye_Wiki_Indaba_2017_Portraits.jpg
 - INFO
2024-07-24 15:08:17,160 - Am accesat linkul https://www.wikidata.org/wiki/Special:EntityPage/P4082 dupa ce am plecat de la https://commons.wikimedia.org/wiki/File:Sam_Oye_Wiki_Indaba_2017_Portraits.jpg
 - INFO
2024-07-24 15:08:17,161 - Am accesat linkul https://www.wikidata.org/wiki/Special:EntityPage/Q65054 dupa ce am plecat de la https://commons.wikimedia.org/wiki/File:Sam_Oye_Wiki_Indaba_2017_Portraits.jpg
 - INFO
2024-07-24 15:08:17,163 - Am accesat linkul https://wikimediafoundation.org/ dupa ce am plecat de la https://commons.wikimedia.org/wiki/File:Sam_Oye_Wiki_Indaba_2017_Portraits.jpg
 - INFO
2024-07-24 15:08:17,164 - Am accesat linkul https://www.mediawiki.org dupa ce am plecat de la https://commons.wikimedia.org/wiki/File:Sam_Oye_Wiki_Indaba_2017_Portraits.jpg
 - INFO
2024-07-24 15:08:17,165 - Am terminat de trimis request-urile din link-ul https://commons.wikimedia.org/wiki/File:Sam_Oye_Wiki_Indaba_2017_Portraits.jpg - INFO
2024-07-24 15:08:17,173 - Am accesat linkul https://creativecommons.org/licenses/by-sa/4.0/ dupa ce am plecat de la https://whoseknowledge.org/issues/public-online-knowledge/
 - INFO
2024-07-24 15:08:17,174 - Am accesat linkul https://www.youtube.com/channel/UCR97k4sWCKHxKVeI64xACSg dupa ce am plecat de la https://whoseknowledge.org/issues/public-online-knowledge/
 - INFO
2024-07-24 15:08:17,176 - Am accesat linkul https://www.facebook.com/WhoseKnowledge/ dupa ce am plecat de la https://whoseknowledge.org/issues/public-online-knowledge/
 - INFO
2024-07-24 15:08:17,177 - Am accesat linkul https://twitter.com/WhoseKnowledge dupa ce am plecat de la https://whoseknowledge.org/issues/public-online-knowledge/
 - INFO
2024-07-24 15:08:17,178 - Am accesat linkul https://www.instagram.com/WhoseKnowledge/ dupa ce am plecat de la https://whoseknowledge.org/issues/public-online-knowledge/
 - INFO
2024-07-24 15:08:17,179 - Am terminat de trimis request-urile din link-ul https://whoseknowledge.org/issues/public-online-knowledge/ - INFO
2024-07-24 15:08:17,598 - Am accesat linkul https://www.classy.org/give/313412/#!/donation/checkout?c_src=website&c_src2=top-of-page-banner dupa ce am plecat de la https://creativecommons.org/licenses/by-sa/4.0/
 - INFO
2024-07-24 15:08:17,599 - Am accesat linkul https://network.creativecommons.org/ dupa ce am plecat de la https://creativecommons.org/licenses/by-sa/4.0/
 - INFO
2024-07-24 15:08:17,601 - Am accesat linkul https://certificate.creativecommons.org/ dupa ce am plecat de la https://creativecommons.org/licenses/by-sa/4.0/
 - INFO
2024-07-24 15:08:17,602 - Am accesat linkul https://summit.creativecommons.org/ dupa ce am plecat de la https://creativecommons.org/licenses/by-sa/4.0/
 - INFO
2024-07-24 15:08:17,603 - Am accesat linkul https://search.creativecommons.org/ dupa ce am plecat de la https://creativecommons.org/licenses/by-sa/4.0/
 - INFO
2024-07-24 15:08:17,604 - Am accesat linkul https://opensource.creativecommons.org/ dupa ce am plecat de la https://creativecommons.org/licenses/by-sa/4.0/
 - INFO
2024-07-24 15:08:17,619 - Am accesat linkul https://www.wikidata.org/wiki/Special:EntityPage/P180 dupa ce am plecat de la https://commons.wikimedia.org/wiki/File:Wikimedia_Foundation_logo_-_vertical.svg
 - INFO
2024-07-24 15:08:17,621 - Am accesat linkul https://www.wikidata.org/wiki/Special:EntityPage/Q1886349 dupa ce am plecat de la https://commons.wikimedia.org/wiki/File:Wikimedia_Foundation_logo_-_vertical.svg
 - INFO
2024-07-24 15:08:17,622 - Am accesat linkul https://www.wikidata.org/wiki/Special:EntityPage/P642 dupa ce am plecat de la https://commons.wikimedia.org/wiki/File:Wikimedia_Foundation_logo_-_vertical.svg
 - INFO
2024-07-24 15:08:17,629 - Am accesat linkul https://mail.creativecommons.org/subscribe dupa ce am plecat de la https://creativecommons.org/licenses/by-sa/4.0/
 - INFO
2024-07-24 15:08:17,631 - Am accesat linkul https://twitter.com/creativecommons dupa ce am plecat de la https://creativecommons.org/licenses/by-sa/4.0/
 - INFO
2024-07-24 15:08:17,632 - Am accesat linkul https://mastodon.social/@creativecommons dupa ce am plecat de la https://creativecommons.org/licenses/by-sa/4.0/
 - INFO
2024-07-24 15:08:17,633 - Am accesat linkul https://www.facebook.com/creativecommons dupa ce am plecat de la https://creativecommons.org/licenses/by-sa/4.0/
 - INFO
2024-07-24 15:08:17,635 - Am accesat linkul https://www.linkedin.com/company/creative-commons/ dupa ce am plecat de la https://creativecommons.org/licenses/by-sa/4.0/
 - INFO
2024-07-24 15:08:17,636 - Am accesat linkul https://www.classy.org/give/313412/#!/donation/checkout?c_src=website&c_src2=top-of-page-banner dupa ce am plecat de la https://creativecommons.org/licenses/by-sa/4.0/
 - INFO
2024-07-24 15:08:17,637 - Am accesat linkul https://fontawesome.com/ dupa ce am plecat de la https://creativecommons.org/licenses/by-sa/4.0/
 - INFO
2024-07-24 15:08:17,638 - Am terminat de trimis request-urile din link-ul https://creativecommons.org/licenses/by-sa/4.0/ - INFO
2024-07-24 15:08:17,639 - Am accesat linkul https://www.wikidata.org/wiki/Special:EntityPage/Q180 dupa ce am plecat de la https://commons.wikimedia.org/wiki/File:Wikimedia_Foundation_logo_-_vertical.svg
 - INFO
2024-07-24 15:08:17,641 - Am accesat linkul https://www.wikidata.org/wiki/Special:EntityPage/P6216 dupa ce am plecat de la https://commons.wikimedia.org/wiki/File:Wikimedia_Foundation_logo_-_vertical.svg
 - INFO
2024-07-24 15:08:17,642 - Am accesat linkul https://www.wikidata.org/wiki/Special:EntityPage/Q50423863 dupa ce am plecat de la https://commons.wikimedia.org/wiki/File:Wikimedia_Foundation_logo_-_vertical.svg
 - INFO
2024-07-24 15:08:17,643 - Am accesat linkul https://www.wikidata.org/wiki/Special:EntityPage/P275 dupa ce am plecat de la https://commons.wikimedia.org/wiki/File:Wikimedia_Foundation_logo_-_vertical.svg
 - INFO
2024-07-24 15:08:17,645 - Am accesat linkul https://www.wikidata.org/wiki/Special:EntityPage/Q14946043 dupa ce am plecat de la https://commons.wikimedia.org/wiki/File:Wikimedia_Foundation_logo_-_vertical.svg
 - INFO
2024-07-24 15:08:17,647 - Am accesat linkul https://www.wikidata.org/wiki/Special:EntityPage/P6731 dupa ce am plecat de la https://commons.wikimedia.org/wiki/File:Wikimedia_Foundation_logo_-_vertical.svg
 - INFO
2024-07-24 15:08:17,648 - Am accesat linkul https://www.wikidata.org/wiki/Special:EntityPage/Q63348069 dupa ce am plecat de la https://commons.wikimedia.org/wiki/File:Wikimedia_Foundation_logo_-_vertical.svg
 - INFO
2024-07-24 15:08:17,658 - Am accesat linkul https://www.wikidata.org/wiki/Special:EntityPage/P1163 dupa ce am plecat de la https://commons.wikimedia.org/wiki/File:Wikimedia_Foundation_logo_-_vertical.svg
 - INFO
2024-07-24 15:08:17,659 - Am accesat linkul https://wikimediafoundation.org/ dupa ce am plecat de la https://commons.wikimedia.org/wiki/File:Wikimedia_Foundation_logo_-_vertical.svg
 - INFO
2024-07-24 15:08:17,660 - Am accesat linkul https://www.mediawiki.org dupa ce am plecat de la https://commons.wikimedia.org/wiki/File:Wikimedia_Foundation_logo_-_vertical.svg
 - INFO
2024-07-24 15:08:17,661 - Am terminat de trimis request-urile din link-ul https://commons.wikimedia.org/wiki/File:Wikimedia_Foundation_logo_-_vertical.svg - INFO
